<?xml version="1.0" encoding="UTF-8"?>
<testng-results ignored="0" total="1" passed="1" failed="0" skipped="0">
  <reporter-output>
  </reporter-output>
  <suite started-at="2021-12-14T15:12:43 IST" name="Default suite" finished-at="2021-12-14T15:13:12 IST" duration-ms="29797">
    <groups>
    </groups>
    <test started-at="2021-12-14T15:12:43 IST" name="Default test" finished-at="2021-12-14T15:13:12 IST" duration-ms="29797">
      <class name="pages.RemoveItem">
        <test-method is-config="true" signature="preCondition()[pri:0, instance:pages.RemoveItem@2ddc9a9f]" started-at="2021-12-14T15:12:45 IST" name="preCondition" finished-at="2021-12-14T15:12:58 IST" duration-ms="13505" status="PASS">
          <reporter-output>
          </reporter-output>
        </test-method> <!-- preCondition -->
        <test-method signature="removeCart(java.lang.String,java.lang.String)[pri:0, instance:pages.RemoveItem@2ddc9a9f]" started-at="2021-12-14T15:12:58 IST" name="removeCart" data-provider="readData" finished-at="2021-12-14T15:13:11 IST" duration-ms="13168" status="PASS">
          <params>
            <param index="0">
              <value>
                <![CDATA[8438291898]]>
              </value>
            </param>
            <param index="1">
              <value>
                <![CDATA[qwerty321]]>
              </value>
            </param>
          </params>
          <reporter-output>
          </reporter-output>
        </test-method> <!-- removeCart -->
        <test-method is-config="true" signature="postCondition()[pri:0, instance:pages.RemoveItem@2ddc9a9f]" started-at="2021-12-14T15:13:11 IST" name="postCondition" finished-at="2021-12-14T15:13:12 IST" duration-ms="1044" status="PASS">
          <reporter-output>
          </reporter-output>
        </test-method> <!-- postCondition -->
      </class> <!-- pages.RemoveItem -->
    </test> <!-- Default test -->
  </suite> <!-- Default suite -->
</testng-results>
